GET    /                                            1.1ms  status=404
GET    /favicon.ico                                 0.8ms  status=404
GET    /docs                                        0.6ms  status=200
GET    /openapi.json                               27.0ms  status=200
POST   /auth/login                               1498.6ms  status=200
GET    /auth/me                                     0.8ms  status=403
POST   /chat                                        1.6ms  status=403
POST   /obligations                                 1.4ms  status=403
POST   /compare                                     1.3ms  status=403
GET    /docs                                        1.5ms  status=200
GET    /openapi.json                               16.7ms  status=200
POST   /auth/login                               1362.6ms  status=200
POST   /auth/refresh                                2.1ms  status=200
GET    /auth/me                                     0.9ms  status=401
GET    /auth/me                                     0.9ms  status=401
GET    /health                                      0.8ms  status=200
POST   /chat                                        2.2ms  status=401
POST   /auth/login/swagger                       6504.2ms  status=200
POST   /auth/login/swagger                      21734.9ms  status=200
POST   /auth/login/swagger                       6307.5ms  status=200
POST   /auth/login/swagger                       7112.0ms  status=200
POST   /auth/login/swagger                      18257.0ms  status=200
POST   /auth/login/swagger                       2375.6ms  status=200
POST   /auth/login/swagger                         72.5ms  status=200
POST   /auth/login/swagger                         72.3ms  status=200
GET    /auth/me                                     3.1ms  status=200
GET    /health                                      1.3ms  status=200
POST   /chat                                    15829.9ms  status=200
POST   /compare                                    69.9ms  status=200
GET    /docs                                        0.3ms  status=200
GET    /openapi.json                               11.9ms  status=200
POST   /auth/login/swagger                       1311.9ms  status=200
POST   /auth/login                                 69.9ms  status=200
GET    /auth/me                                     1.8ms  status=200
POST   /auth/login                                 97.4ms  status=200
POST   /chat                                    14023.9ms  status=200
POST   /compare                                    61.4ms  status=200
